2026-01-25 13:52:16,599 - realtime - INFO - [realtime]📹 Initializing real-time sign language detection...[/realtime]
2026-01-25 13:52:17,156 - realtime - INFO - [info]Loading model from: /home/badrinathan/Desktop/Projects/SignDETR/pretrained/4426_model.pt[/info]
2026-01-25 13:52:17,230 - realtime - INFO - [realtime]📹 Starting camera capture...[/realtime]
2026-01-25 19:06:42,806 - realtime - INFO - [realtime]📹 Initializing real-time sign language detection...[/realtime]
2026-01-25 19:06:43,166 - realtime - INFO - [info]Loading model from: /home/badrinathan/Desktop/Projects/SignDETR/pretrained/4426_model.pt[/info]
2026-01-25 19:06:43,297 - realtime - INFO - [realtime]📹 Starting camera capture...[/realtime]
2026-01-25 19:11:30,456 - realtime - INFO - [realtime]📹 Initializing real-time sign language detection...[/realtime]
2026-01-25 19:11:30,832 - realtime - INFO - [info]Loading model from: /home/badrinathan/Desktop/Projects/SignDETR/pretrained/4426_model.pt[/info]
2026-01-25 19:11:30,919 - realtime - INFO - [realtime]📹 Starting camera capture...[/realtime]
2026-01-25 19:13:53,866 - realtime - INFO - [realtime]📹 Initializing real-time sign language detection...[/realtime]
2026-01-25 19:13:54,137 - realtime - INFO - [info]Loading model from: /home/badrinathan/Desktop/Projects/SignDETR/pretrained/4426_model.pt[/info]
2026-01-25 19:13:54,219 - realtime - INFO - [realtime]📹 Starting camera capture...[/realtime]
2026-01-25 19:15:56,211 - realtime - INFO - [realtime]📹 Initializing real-time sign language detection...[/realtime]
2026-01-25 19:15:56,452 - realtime - INFO - [info]Loading model from: /home/badrinathan/Desktop/Projects/SignDETR/pretrained/4426_model.pt[/info]
2026-01-25 19:15:56,521 - realtime - INFO - [realtime]📹 Starting camera capture...[/realtime]
2026-01-25 19:39:44,510 - realtime - INFO - [realtime]📹 Initializing real-time sign language detection...[/realtime]
2026-01-25 19:39:44,782 - realtime - INFO - [info]Loading model from: /home/badrinathan/Desktop/Projects/SignLanguage-Recognition-With-Transformers/pretrained/4426_model.pt[/info]
2026-01-25 19:39:44,857 - realtime - INFO - [realtime]📹 Starting camera capture...[/realtime]
2026-01-25 19:46:29,273 - realtime - INFO - [realtime]📹 Initializing real-time sign language detection...[/realtime]
2026-01-25 19:46:29,539 - realtime - INFO - [info]Loading model from: /home/badrinathan/Desktop/Projects/SignLanguage-Recognition-With-Transformers/pretrained/4426_model.pt[/info]
2026-01-25 19:46:29,621 - realtime - INFO - [realtime]📹 Starting camera capture...[/realtime]
2026-01-25 20:12:33,893 - realtime - INFO - [realtime]📹 Initializing real-time sign language detection...[/realtime]
2026-01-25 20:12:34,171 - realtime - INFO - [info]Loading model from: /home/badrinathan/Desktop/Projects/SignLanguage-Recognition-With-Transformers/pretrained/4426_model.pt[/info]
2026-01-25 20:12:34,248 - realtime - INFO - [realtime]📹 Starting camera capture...[/realtime]
2026-01-25 20:41:54,847 - realtime - INFO - [realtime]📹 Initializing real-time sign language detection...[/realtime]
2026-01-25 20:41:55,130 - realtime - INFO - [info]Loading model from: /home/badrinathan/Desktop/Projects/SignLanguage-Recognition-With-Transformers/pretrained/4426_model.pt[/info]
2026-01-25 20:41:55,215 - realtime - INFO - [realtime]📹 Starting camera capture...[/realtime]
2026-01-25 22:11:46,101 - realtime - INFO - [realtime]📹 Initializing real-time sign language detection...[/realtime]
2026-01-25 22:11:46,340 - realtime - INFO - [info]Loading model from: /home/badrinathan/Desktop/Projects/SignLanguage-Recognition-With-Transformers/pretrained/4426_model.pt[/info]
2026-01-25 22:11:46,413 - realtime - INFO - [realtime]📹 Starting camera capture...[/realtime]
2026-01-25 22:17:35,124 - realtime - INFO - [realtime]📹 Initializing real-time sign language detection...[/realtime]
2026-01-25 22:17:35,362 - realtime - INFO - [info]Loading model from: /home/badrinathan/Desktop/Projects/SignLanguage-Recognition-With-Transformers/pretrained/4426_model.pt[/info]
2026-01-25 22:17:35,431 - realtime - INFO - [realtime]📹 Starting camera capture...[/realtime]
2026-01-25 22:17:35,563 - realtime - INFO - [info]Starting warmup for 60 frames...[/info]
2026-01-25 22:17:39,877 - realtime - INFO - [info]Warmup complete. Starting detection.[/info]
2026-01-25 22:20:38,218 - realtime - INFO - [realtime]📹 Initializing real-time sign language detection...[/realtime]
2026-01-25 22:20:38,475 - realtime - INFO - [info]Loading model from: /home/badrinathan/Desktop/Projects/SignLanguage-Recognition-With-Transformers/pretrained/4426_model.pt[/info]
2026-01-25 22:20:38,549 - realtime - INFO - [realtime]📹 Starting camera capture...[/realtime]
2026-01-25 22:20:38,675 - realtime - INFO - [info]Starting warmup for 60 frames...[/info]
2026-01-25 22:20:42,985 - realtime - INFO - [info]Warmup complete. Starting detection.[/info]
2026-01-25 22:24:54,163 - realtime - INFO - [realtime]📹 Initializing real-time sign language detection...[/realtime]
2026-01-25 22:24:54,411 - realtime - INFO - [info]Loading model from: /home/badrinathan/Desktop/Projects/SignLanguage-Recognition-With-Transformers/pretrained/4426_model.pt[/info]
2026-01-25 22:24:54,482 - realtime - INFO - [realtime]📹 Starting camera capture...[/realtime]
2026-01-25 22:24:54,611 - realtime - INFO - [info]Starting warmup for 60 frames...[/info]
2026-01-25 22:24:58,921 - realtime - INFO - [info]Warmup complete. Starting detection.[/info]
2026-01-25 22:27:24,563 - realtime - INFO - [realtime]📹 Initializing real-time sign language detection...[/realtime]
2026-01-25 22:27:24,811 - realtime - INFO - [info]Loading model from: /home/badrinathan/Desktop/Projects/SignLanguage-Recognition-With-Transformers/pretrained/4426_model.pt[/info]
2026-01-25 22:27:24,883 - realtime - INFO - [realtime]📹 Starting camera capture...[/realtime]
2026-01-25 22:27:25,015 - realtime - INFO - [info]Starting warmup for 60 frames...[/info]
2026-01-25 22:27:29,323 - realtime - INFO - [info]Warmup complete. Starting detection.[/info]
2026-01-25 22:29:38,704 - realtime - INFO - [realtime]📹 Initializing real-time sign language detection...[/realtime]
2026-01-25 22:29:38,949 - realtime - INFO - [info]Loading model from: /home/badrinathan/Desktop/Projects/SignLanguage-Recognition-With-Transformers/pretrained/4426_model.pt[/info]
2026-01-25 22:29:39,027 - realtime - INFO - [realtime]📹 Starting camera capture...[/realtime]
2026-01-25 22:29:39,162 - realtime - INFO - [info]Starting warmup for 60 frames...[/info]
2026-01-25 22:29:42,456 - realtime - INFO - [info]Warmup complete. Starting detection.[/info]
2026-01-25 22:29:49,000 - realtime - INFO - [realtime]📹 Initializing real-time sign language detection...[/realtime]
2026-01-25 22:29:49,246 - realtime - INFO - [info]Loading model from: /home/badrinathan/Desktop/Projects/SignLanguage-Recognition-With-Transformers/pretrained/4426_model.pt[/info]
2026-01-25 22:29:49,339 - realtime - INFO - [realtime]📹 Starting camera capture...[/realtime]
2026-01-25 22:29:49,476 - realtime - INFO - [info]Starting warmup for 60 frames...[/info]
2026-01-25 22:29:51,691 - realtime - INFO - [info]Warmup complete. Starting detection.[/info]
2026-01-25 22:30:44,633 - realtime - INFO - [realtime]📹 Initializing real-time sign language detection...[/realtime]
2026-01-25 22:30:44,902 - realtime - INFO - [info]Loading model from: /home/badrinathan/Desktop/Projects/SignLanguage-Recognition-With-Transformers/pretrained/4426_model.pt[/info]
2026-01-25 22:30:44,981 - realtime - INFO - [realtime]📹 Starting camera capture...[/realtime]
2026-01-25 22:30:45,122 - realtime - INFO - [info]Starting warmup for 60 frames...[/info]
2026-01-25 22:30:47,335 - realtime - INFO - [info]Warmup complete. Starting detection.[/info]
2026-01-25 22:32:05,885 - realtime - INFO - [realtime]📹 Initializing real-time sign language detection...[/realtime]
2026-01-25 22:32:06,135 - realtime - INFO - [info]Loading model from: /home/badrinathan/Desktop/Projects/SignLanguage-Recognition-With-Transformers/pretrained/4426_model.pt[/info]
2026-01-25 22:32:06,230 - realtime - INFO - [realtime]📹 Starting camera capture...[/realtime]
2026-01-25 22:32:06,350 - realtime - INFO - [info]Starting warmup for 60 frames...[/info]
2026-01-25 22:32:08,566 - realtime - INFO - [info]Warmup complete. Starting detection.[/info]
2026-01-25 22:34:51,927 - realtime - INFO - [realtime]📹 Initializing real-time sign language detection...[/realtime]
2026-01-25 22:34:52,181 - realtime - INFO - [info]Loading model from: /home/badrinathan/Desktop/Projects/SignLanguage-Recognition-With-Transformers/pretrained/4426_model.pt[/info]
2026-01-25 22:34:52,256 - realtime - INFO - [realtime]📹 Starting camera capture...[/realtime]
2026-01-25 22:34:52,377 - realtime - INFO - [info]Starting warmup for 60 frames...[/info]
2026-01-25 22:34:54,593 - realtime - INFO - [info]Warmup complete. Starting detection.[/info]
2026-01-25 22:40:26,944 - realtime - INFO - [realtime]📹 Initializing real-time sign language detection...[/realtime]
2026-01-25 22:40:27,204 - realtime - INFO - [info]Loading model from: /home/badrinathan/Desktop/Projects/SignLanguage-Recognition-With-Transformers/pretrained/4426_model.pt[/info]
2026-01-25 22:40:27,281 - realtime - INFO - [realtime]📹 Starting camera capture...[/realtime]
2026-01-25 22:40:27,410 - realtime - INFO - [info]Starting warmup for 60 frames...[/info]
2026-01-25 22:40:29,629 - realtime - INFO - [info]Warmup complete. Starting detection.[/info]
2026-01-25 22:43:07,161 - realtime - INFO - [realtime]📹 Initializing real-time sign language detection...[/realtime]
2026-01-25 22:43:07,419 - realtime - INFO - [info]Loading model from: /home/badrinathan/Desktop/Projects/SignLanguage-Recognition-With-Transformers/pretrained/4426_model.pt[/info]
2026-01-25 22:43:07,499 - realtime - INFO - [realtime]📹 Starting camera capture...[/realtime]
2026-01-25 22:43:07,635 - realtime - INFO - [info]Starting warmup for 60 frames...[/info]
2026-01-25 22:43:09,849 - realtime - INFO - [info]Warmup complete. Starting detection.[/info]
2026-01-25 22:48:30,675 - realtime - INFO - [realtime]📹 Initializing real-time sign language detection...[/realtime]
2026-01-25 22:48:30,927 - realtime - INFO - [info]Loading model from: /home/badrinathan/Desktop/Projects/SignLanguage-Recognition-With-Transformers/pretrained/4426_model.pt[/info]
2026-01-25 22:48:31,001 - realtime - INFO - [realtime]📹 Starting camera capture...[/realtime]
2026-01-25 22:48:31,131 - realtime - INFO - [info]Starting warmup for 60 frames...[/info]
2026-01-25 22:48:35,445 - realtime - INFO - [info]Warmup complete. Starting detection.[/info]
2026-01-25 22:50:53,898 - realtime - INFO - [realtime]📹 Initializing real-time sign language detection...[/realtime]
2026-01-25 22:50:54,155 - realtime - INFO - [info]Loading model from: /home/badrinathan/Desktop/Projects/SignLanguage-Recognition-With-Transformers/pretrained/4426_model.pt[/info]
2026-01-25 22:50:54,231 - realtime - INFO - [realtime]📹 Starting camera capture...[/realtime]
2026-01-25 22:50:54,365 - realtime - INFO - [info]Starting warmup for 60 frames...[/info]
2026-01-25 22:50:58,677 - realtime - INFO - [info]Warmup complete. Starting detection.[/info]
2026-01-25 22:52:09,897 - realtime - INFO - [realtime]📹 Initializing real-time sign language detection...[/realtime]
2026-01-25 22:52:10,155 - realtime - INFO - [info]Loading model from: /home/badrinathan/Desktop/Projects/SignLanguage-Recognition-With-Transformers/pretrained/4426_model.pt[/info]
2026-01-25 22:52:10,236 - realtime - INFO - [realtime]📹 Starting camera capture...[/realtime]
2026-01-25 22:52:10,373 - realtime - INFO - [info]Starting warmup for 60 frames...[/info]
2026-01-25 22:52:12,591 - realtime - INFO - [info]Warmup complete. Starting detection.[/info]
2026-01-25 22:54:35,954 - realtime - INFO - [realtime]📹 Initializing real-time sign language detection...[/realtime]
2026-01-25 22:54:36,210 - realtime - INFO - [info]Loading model from: /home/badrinathan/Desktop/Projects/SignLanguage-Recognition-With-Transformers/pretrained/4426_model.pt[/info]
2026-01-25 22:54:36,287 - realtime - INFO - [realtime]📹 Starting camera capture...[/realtime]
2026-01-25 22:54:36,422 - realtime - INFO - [info]Starting warmup for 60 frames...[/info]
2026-01-25 22:54:38,641 - realtime - INFO - [info]Warmup complete. Starting detection.[/info]
2026-01-25 22:57:43,237 - realtime - INFO - [realtime]📹 Initializing real-time sign language detection...[/realtime]
2026-01-25 22:57:43,495 - realtime - INFO - [info]Loading model from: /home/badrinathan/Desktop/Projects/SignLanguage-Recognition-With-Transformers/pretrained/4426_model.pt[/info]
2026-01-25 22:57:43,575 - realtime - INFO - [realtime]📹 Starting camera capture...[/realtime]
2026-01-25 22:57:43,711 - realtime - INFO - [info]Starting warmup for 60 frames...[/info]
2026-01-25 22:57:48,023 - realtime - INFO - [info]Warmup complete. Starting detection.[/info]
